<?xml version="1.0" encoding="UTF-8"?>
<testng-results ignored="0" total="4" passed="4" failed="0" skipped="0">
  <reporter-output>
  </reporter-output>
  <suite started-at="2022-02-20T02:46:08 SGT" name="Suite" finished-at="2022-02-20T02:46:15 SGT" duration-ms="6603">
    <groups>
    </groups>
    <test started-at="2022-02-20T02:46:08 SGT" name="Test" finished-at="2022-02-20T02:46:15 SGT" duration-ms="6603">
      <class name="com.sddevops.DVOPSAssignment.NewTestListing">
        <test-method is-config="true" signature="beforeTest()[pri:0, instance:com.sddevops.DVOPSAssignment.NewTestListing@8317c52]" started-at="2022-02-20T02:46:08 SGT" name="beforeTest" finished-at="2022-02-20T02:46:09 SGT" duration-ms="1475" status="PASS">
          <reporter-output>
          </reporter-output>
        </test-method> <!-- beforeTest -->
        <test-method signature="checkLogin()[pri:0, instance:com.sddevops.DVOPSAssignment.NewTestListing@8317c52]" started-at="2022-02-20T02:46:09 SGT" name="checkLogin" finished-at="2022-02-20T02:46:10 SGT" duration-ms="865" status="PASS">
          <reporter-output>
          </reporter-output>
        </test-method> <!-- checkLogin -->
        <test-method signature="createListing()[pri:0, instance:com.sddevops.DVOPSAssignment.NewTestListing@8317c52]" started-at="2022-02-20T02:46:10 SGT" name="createListing" finished-at="2022-02-20T02:46:11 SGT" duration-ms="574" status="PASS">
          <reporter-output>
          </reporter-output>
        </test-method> <!-- createListing -->
        <test-method signature="details()[pri:0, instance:com.sddevops.DVOPSAssignment.NewTestListing@8317c52]" started-at="2022-02-20T02:46:11 SGT" name="details" finished-at="2022-02-20T02:46:13 SGT" duration-ms="2411" status="PASS">
          <reporter-output>
          </reporter-output>
        </test-method> <!-- details -->
        <test-method signature="updateDeleteListing()[pri:0, instance:com.sddevops.DVOPSAssignment.NewTestListing@8317c52]" started-at="2022-02-20T02:46:13 SGT" name="updateDeleteListing" finished-at="2022-02-20T02:46:14 SGT" duration-ms="1075" status="PASS">
          <reporter-output>
          </reporter-output>
        </test-method> <!-- updateDeleteListing -->
        <test-method is-config="true" signature="afterTest()[pri:0, instance:com.sddevops.DVOPSAssignment.NewTestListing@8317c52]" started-at="2022-02-20T02:46:14 SGT" name="afterTest" finished-at="2022-02-20T02:46:15 SGT" duration-ms="155" status="PASS">
          <reporter-output>
          </reporter-output>
        </test-method> <!-- afterTest -->
      </class> <!-- com.sddevops.DVOPSAssignment.NewTestListing -->
    </test> <!-- Test -->
  </suite> <!-- Suite -->
</testng-results>
