<?xml version="1.0" encoding="UTF-8"?>
<!-- Generated by org.testng.reporters.JUnitXMLReporter -->
<testsuite ignored="0" hostname="LAPTOP-8K2UGR6O" failures="0" tests="4" name="Default test" time="8.932" errors="0" timestamp="2022-02-21T19:18:19 SGT">
  <testcase classname="com.sddevops.DVOPSAssignment.NewTestListing" name="checkLogin" time="2.934"/>
  <testcase classname="com.sddevops.DVOPSAssignment.NewTestListing" name="createListing" time="0.756"/>
  <testcase classname="com.sddevops.DVOPSAssignment.NewTestListing" name="details" time="2.193"/>
  <testcase classname="com.sddevops.DVOPSAssignment.NewTestListing" name="updateDeleteListing" time="1.098"/>
</testsuite> <!-- Default test -->
