<?xml version="1.0" encoding="UTF-8"?>
<!-- Generated by org.testng.reporters.JUnitXMLReporter -->
<testsuite ignored="0" hostname="LAPTOP-8K2UGR6O" failures="0" tests="4" name="Default test" time="9.179" errors="0" timestamp="2022-02-25T01:39:44 SGT">
  <testcase classname="com.sddevops.DVOPSAssignment.NewTestListing" name="checkLogin" time="3.084"/>
  <testcase classname="com.sddevops.DVOPSAssignment.NewTestListing" name="createListing" time="0.781"/>
  <testcase classname="com.sddevops.DVOPSAssignment.NewTestListing" name="details" time="2.261"/>
  <testcase classname="com.sddevops.DVOPSAssignment.NewTestListing" name="updateDeleteListing" time="1.137"/>
</testsuite> <!-- Default test -->
