<?xml version="1.0" encoding="UTF-8"?>
<!-- Generated by org.testng.reporters.JUnitXMLReporter -->
<testsuite ignored="0" hostname="LAPTOP-8K2UGR6O" failures="0" tests="4" name="Test" time="6.603" errors="0" timestamp="2022-02-20T02:46:15 SGT">
  <testcase classname="com.sddevops.DVOPSAssignment.NewTestListing" name="checkLogin" time="0.865"/>
  <testcase classname="com.sddevops.DVOPSAssignment.NewTestListing" name="createListing" time="0.574"/>
  <testcase classname="com.sddevops.DVOPSAssignment.NewTestListing" name="details" time="2.411"/>
  <testcase classname="com.sddevops.DVOPSAssignment.NewTestListing" name="updateDeleteListing" time="1.075"/>
</testsuite> <!-- Test -->
